Requirement already satisfied: Flask==3.0.3 in //.venv/lib/python3.11/site-packages (from -r ./requirements.txt (line 1)) (3.0.3)
Requirement already satisfied: python-dotenv==1.0.1 in //.venv/lib/python3.11/site-packages (from -r ./requirements.txt (line 2)) (1.0.1)
Requirement already satisfied: requests==2.32.3 in //.venv/lib/python3.11/site-packages (from -r ./requirements.txt (line 3)) (2.32.3)
Requirement already satisfied: google-generativeai==0.7.2 in //.venv/lib/python3.11/site-packages (from -r ./requirements.txt (line 4)) (0.7.2)
Requirement already satisfied: PyPDF2==3.0.1 in //.venv/lib/python3.11/site-packages (from -r ./requirements.txt (line 5)) (3.0.1)
Requirement already satisfied: kokoro==0.9.4 in //.venv/lib/python3.11/site-packages (from -r ./requirements.txt (line 6)) (0.9.4)
Requirement already satisfied: onnxruntime==1.18.1 in //.venv/lib/python3.11/site-packages (from -r ./requirements.txt (line 7)) (1.18.1)
Requirement already satisfied: soundfile==0.12.1 in //.venv/lib/python3.11/site-packages (from -r ./requirements.txt (line 8)) (0.12.1)
Requirement already satisfied: pydub==0.25.1 in //.venv/lib/python3.11/site-packages (from -r ./requirements.txt (line 9)) (0.25.1)
Requirement already satisfied: faster-whisper==1.0.3 in //.venv/lib/python3.11/site-packages (from -r ./requirements.txt (line 10)) (1.0.3)
Requirement already satisfied: numpy==1.26.4 in //.venv/lib/python3.11/site-packages (from -r ./requirements.txt (line 11)) (1.26.4)
Requirement already satisfied: Werkzeug>=3.0.0 in //.venv/lib/python3.11/site-packages (from Flask==3.0.3->-r ./requirements.txt (line 1)) (3.1.3)
Requirement already satisfied: Jinja2>=3.1.2 in //.venv/lib/python3.11/site-packages (from Flask==3.0.3->-r ./requirements.txt (line 1)) (3.1.6)
Requirement already satisfied: itsdangerous>=2.1.2 in //.venv/lib/python3.11/site-packages (from Flask==3.0.3->-r ./requirements.txt (line 1)) (2.2.0)
Requirement already satisfied: click>=8.1.3 in //.venv/lib/python3.11/site-packages (from Flask==3.0.3->-r ./requirements.txt (line 1)) (8.3.1)
Requirement already satisfied: blinker>=1.6.2 in //.venv/lib/python3.11/site-packages (from Flask==3.0.3->-r ./requirements.txt (line 1)) (1.9.0)
Requirement already satisfied: charset-normalizer<4,>=2 in //.venv/lib/python3.11/site-packages (from requests==2.32.3->-r ./requirements.txt (line 3)) (3.4.4)
Requirement already satisfied: idna<4,>=2.5 in //.venv/lib/python3.11/site-packages (from requests==2.32.3->-r ./requirements.txt (line 3)) (3.11)
Requirement already satisfied: urllib3<3,>=1.21.1 in //.venv/lib/python3.11/site-packages (from requests==2.32.3->-r ./requirements.txt (line 3)) (2.5.0)
Requirement already satisfied: certifi>=2017.4.17 in //.venv/lib/python3.11/site-packages (from requests==2.32.3->-r ./requirements.txt (line 3)) (2025.11.12)
Requirement already satisfied: google-ai-generativelanguage==0.6.6 in //.venv/lib/python3.11/site-packages (from google-generativeai==0.7.2->-r ./requirements.txt (line 4)) (0.6.6)
Requirement already satisfied: google-api-core in //.venv/lib/python3.11/site-packages (from google-generativeai==0.7.2->-r ./requirements.txt (line 4)) (2.29.0)
Requirement already satisfied: google-api-python-client in //.venv/lib/python3.11/site-packages (from google-generativeai==0.7.2->-r ./requirements.txt (line 4)) (2.188.0)
Requirement already satisfied: google-auth>=2.15.0 in //.venv/lib/python3.11/site-packages (from google-generativeai==0.7.2->-r ./requirements.txt (line 4)) (2.47.0)
Requirement already satisfied: protobuf in //.venv/lib/python3.11/site-packages (from google-generativeai==0.7.2->-r ./requirements.txt (line 4)) (4.25.8)
Requirement already satisfied: pydantic in //.venv/lib/python3.11/site-packages (from google-generativeai==0.7.2->-r ./requirements.txt (line 4)) (2.12.4)
Requirement already satisfied: tqdm in //.venv/lib/python3.11/site-packages (from google-generativeai==0.7.2->-r ./requirements.txt (line 4)) (4.67.1)
Requirement already satisfied: typing-extensions in //.venv/lib/python3.11/site-packages (from google-generativeai==0.7.2->-r ./requirements.txt (line 4)) (4.15.0)
Requirement already satisfied: huggingface-hub in //.venv/lib/python3.11/site-packages (from kokoro==0.9.4->-r ./requirements.txt (line 6)) (0.36.0)
Requirement already satisfied: loguru in //.venv/lib/python3.11/site-packages (from kokoro==0.9.4->-r ./requirements.txt (line 6)) (0.7.3)
Requirement already satisfied: misaki>=0.9.4 in //.venv/lib/python3.11/site-packages (from misaki[en]>=0.9.4->kokoro==0.9.4->-r ./requirements.txt (line 6)) (0.9.4)
Requirement already satisfied: torch in //.venv/lib/python3.11/site-packages (from kokoro==0.9.4->-r ./requirements.txt (line 6)) (2.9.1)
Requirement already satisfied: transformers in //.venv/lib/python3.11/site-packages (from kokoro==0.9.4->-r ./requirements.txt (line 6)) (4.57.1)
Requirement already satisfied: coloredlogs in //.venv/lib/python3.11/site-packages (from onnxruntime==1.18.1->-r ./requirements.txt (line 7)) (15.0.1)
Requirement already satisfied: flatbuffers in //.venv/lib/python3.11/site-packages (from onnxruntime==1.18.1->-r ./requirements.txt (line 7)) (25.9.23)
Requirement already satisfied: packaging in //.venv/lib/python3.11/site-packages (from onnxruntime==1.18.1->-r ./requirements.txt (line 7)) (25.0)
Requirement already satisfied: sympy in //.venv/lib/python3.11/site-packages (from onnxruntime==1.18.1->-r ./requirements.txt (line 7)) (1.14.0)
Requirement already satisfied: cffi>=1.0 in //.venv/lib/python3.11/site-packages (from soundfile==0.12.1->-r ./requirements.txt (line 8)) (2.0.0)
Requirement already satisfied: av<13,>=11.0 in //.venv/lib/python3.11/site-packages (from faster-whisper==1.0.3->-r ./requirements.txt (line 10)) (12.3.0)
Requirement already satisfied: ctranslate2<5,>=4.0 in //.venv/lib/python3.11/site-packages (from faster-whisper==1.0.3->-r ./requirements.txt (line 10)) (4.6.3)
Requirement already satisfied: tokenizers<1,>=0.13 in //.venv/lib/python3.11/site-packages (from faster-whisper==1.0.3->-r ./requirements.txt (line 10)) (0.22.1)
Requirement already satisfied: proto-plus<2.0.0dev,>=1.22.3 in //.venv/lib/python3.11/site-packages (from google-ai-generativelanguage==0.6.6->google-generativeai==0.7.2->-r ./requirements.txt (line 4)) (1.27.0)
Requirement already satisfied: setuptools in //.venv/lib/python3.11/site-packages (from ctranslate2<5,>=4.0->faster-whisper==1.0.3->-r ./requirements.txt (line 10)) (65.5.0)
Requirement already satisfied: pyyaml<7,>=5.3 in //.venv/lib/python3.11/site-packages (from ctranslate2<5,>=4.0->faster-whisper==1.0.3->-r ./requirements.txt (line 10)) (6.0.3)
Requirement already satisfied: googleapis-common-protos<2.0.0,>=1.56.2 in //.venv/lib/python3.11/site-packages (from google-api-core->google-generativeai==0.7.2->-r ./requirements.txt (line 4)) (1.72.0)
Requirement already satisfied: grpcio<2.0.0,>=1.33.2 in //.venv/lib/python3.11/site-packages (from google-api-core[grpc]!=2.0.*,!=2.1.*,!=2.10.*,!=2.2.*,!=2.3.*,!=2.4.*,!=2.5.*,!=2.6.*,!=2.7.*,!=2.8.*,!=2.9.*,<3.0.0dev,>=1.34.1->google-ai-generativelanguage==0.6.6->google-generativeai==0.7.2->-r ./requirements.txt (line 4)) (1.76.0)
Requirement already satisfied: grpcio-status<2.0.0,>=1.33.2 in //.venv/lib/python3.11/site-packages (from google-api-core[grpc]!=2.0.*,!=2.1.*,!=2.10.*,!=2.2.*,!=2.3.*,!=2.4.*,!=2.5.*,!=2.6.*,!=2.7.*,!=2.8.*,!=2.9.*,<3.0.0dev,>=1.34.1->google-ai-generativelanguage==0.6.6->google-generativeai==0.7.2->-r ./requirements.txt (line 4)) (1.62.3)
Requirement already satisfied: pyasn1-modules>=0.2.1 in //.venv/lib/python3.11/site-packages (from google-auth>=2.15.0->google-generativeai==0.7.2->-r ./requirements.txt (line 4)) (0.4.2)
Requirement already satisfied: rsa<5,>=3.1.4 in //.venv/lib/python3.11/site-packages (from google-auth>=2.15.0->google-generativeai==0.7.2->-r ./requirements.txt (line 4)) (4.9.1)
Requirement already satisfied: pyasn1>=0.1.3 in //.venv/lib/python3.11/site-packages (from rsa<5,>=3.1.4->google-auth>=2.15.0->google-generativeai==0.7.2->-r ./requirements.txt (line 4)) (0.6.2)
Requirement already satisfied: filelock in //.venv/lib/python3.11/site-packages (from huggingface-hub->kokoro==0.9.4->-r ./requirements.txt (line 6)) (3.20.0)
Requirement already satisfied: fsspec>=2023.5.0 in //.venv/lib/python3.11/site-packages (from huggingface-hub->kokoro==0.9.4->-r ./requirements.txt (line 6)) (2025.10.0)
Requirement already satisfied: hf-xet<2.0.0,>=1.1.3 in //.venv/lib/python3.11/site-packages (from huggingface-hub->kokoro==0.9.4->-r ./requirements.txt (line 6)) (1.2.0)
Requirement already satisfied: pycparser in //.venv/lib/python3.11/site-packages (from cffi>=1.0->soundfile==0.12.1->-r ./requirements.txt (line 8)) (2.23)
Requirement already satisfied: MarkupSafe>=2.0 in //.venv/lib/python3.11/site-packages (from Jinja2>=3.1.2->Flask==3.0.3->-r ./requirements.txt (line 1)) (3.0.3)
Requirement already satisfied: addict in //.venv/lib/python3.11/site-packages (from misaki>=0.9.4->misaki[en]>=0.9.4->kokoro==0.9.4->-r ./requirements.txt (line 6)) (2.4.0)
Requirement already satisfied: regex in //.venv/lib/python3.11/site-packages (from misaki>=0.9.4->misaki[en]>=0.9.4->kokoro==0.9.4->-r ./requirements.txt (line 6)) (2025.11.3)
Requirement already satisfied: espeakng-loader in //.venv/lib/python3.11/site-packages (from misaki[en]>=0.9.4->kokoro==0.9.4->-r ./requirements.txt (line 6)) (0.2.4)
Requirement already satisfied: num2words in //.venv/lib/python3.11/site-packages (from misaki[en]>=0.9.4->kokoro==0.9.4->-r ./requirements.txt (line 6)) (0.5.14)
Requirement already satisfied: phonemizer-fork in //.venv/lib/python3.11/site-packages (from misaki[en]>=0.9.4->kokoro==0.9.4->-r ./requirements.txt (line 6)) (3.3.2)
Requirement already satisfied: spacy in //.venv/lib/python3.11/site-packages (from misaki[en]>=0.9.4->kokoro==0.9.4->-r ./requirements.txt (line 6)) (3.8.9)
Requirement already satisfied: spacy-curated-transformers in //.venv/lib/python3.11/site-packages (from misaki[en]>=0.9.4->kokoro==0.9.4->-r ./requirements.txt (line 6)) (0.3.1)
Requirement already satisfied: humanfriendly>=9.1 in //.venv/lib/python3.11/site-packages (from coloredlogs->onnxruntime==1.18.1->-r ./requirements.txt (line 7)) (10.0)
Requirement already satisfied: httplib2<1.0.0,>=0.19.0 in //.venv/lib/python3.11/site-packages (from google-api-python-client->google-generativeai==0.7.2->-r ./requirements.txt (line 4)) (0.31.1)
Requirement already satisfied: google-auth-httplib2<1.0.0,>=0.2.0 in //.venv/lib/python3.11/site-packages (from google-api-python-client->google-generativeai==0.7.2->-r ./requirements.txt (line 4)) (0.3.0)
Requirement already satisfied: uritemplate<5,>=3.0.1 in //.venv/lib/python3.11/site-packages (from google-api-python-client->google-generativeai==0.7.2->-r ./requirements.txt (line 4)) (4.2.0)
Requirement already satisfied: pyparsing<4,>=3.0.4 in //.venv/lib/python3.11/site-packages (from httplib2<1.0.0,>=0.19.0->google-api-python-client->google-generativeai==0.7.2->-r ./requirements.txt (line 4)) (3.2.5)
Requirement already satisfied: docopt>=0.6.2 in //.venv/lib/python3.11/site-packages (from num2words->misaki[en]>=0.9.4->kokoro==0.9.4->-r ./requirements.txt (line 6)) (0.6.2)
Requirement already satisfied: attrs>=18.1 in //.venv/lib/python3.11/site-packages (from phonemizer-fork->misaki[en]>=0.9.4->kokoro==0.9.4->-r ./requirements.txt (line 6)) (25.4.0)
Requirement already satisfied: dlinfo in //.venv/lib/python3.11/site-packages (from phonemizer-fork->misaki[en]>=0.9.4->kokoro==0.9.4->-r ./requirements.txt (line 6)) (2.0.0)
Requirement already satisfied: joblib in //.venv/lib/python3.11/site-packages (from phonemizer-fork->misaki[en]>=0.9.4->kokoro==0.9.4->-r ./requirements.txt (line 6)) (1.5.2)
Requirement already satisfied: segments in //.venv/lib/python3.11/site-packages (from phonemizer-fork->misaki[en]>=0.9.4->kokoro==0.9.4->-r ./requirements.txt (line 6)) (2.3.0)
Requirement already satisfied: annotated-types>=0.6.0 in //.venv/lib/python3.11/site-packages (from pydantic->google-generativeai==0.7.2->-r ./requirements.txt (line 4)) (0.7.0)
Requirement already satisfied: pydantic-core==2.41.5 in //.venv/lib/python3.11/site-packages (from pydantic->google-generativeai==0.7.2->-r ./requirements.txt (line 4)) (2.41.5)
Requirement already satisfied: typing-inspection>=0.4.2 in //.venv/lib/python3.11/site-packages (from pydantic->google-generativeai==0.7.2->-r ./requirements.txt (line 4)) (0.4.2)
Requirement already satisfied: csvw>=1.5.6 in //.venv/lib/python3.11/site-packages (from segments->phonemizer-fork->misaki[en]>=0.9.4->kokoro==0.9.4->-r ./requirements.txt (line 6)) (3.7.0)
Requirement already satisfied: isodate in //.venv/lib/python3.11/site-packages (from csvw>=1.5.6->segments->phonemizer-fork->misaki[en]>=0.9.4->kokoro==0.9.4->-r ./requirements.txt (line 6)) (0.7.2)
Requirement already satisfied: python-dateutil in //.venv/lib/python3.11/site-packages (from csvw>=1.5.6->segments->phonemizer-fork->misaki[en]>=0.9.4->kokoro==0.9.4->-r ./requirements.txt (line 6)) (2.9.0.post0)
Requirement already satisfied: rfc3986<2 in //.venv/lib/python3.11/site-packages (from csvw>=1.5.6->segments->phonemizer-fork->misaki[en]>=0.9.4->kokoro==0.9.4->-r ./requirements.txt (line 6)) (1.5.0)
Requirement already satisfied: babel in //.venv/lib/python3.11/site-packages (from csvw>=1.5.6->segments->phonemizer-fork->misaki[en]>=0.9.4->kokoro==0.9.4->-r ./requirements.txt (line 6)) (2.17.0)
Requirement already satisfied: language-tags in //.venv/lib/python3.11/site-packages (from csvw>=1.5.6->segments->phonemizer-fork->misaki[en]>=0.9.4->kokoro==0.9.4->-r ./requirements.txt (line 6)) (1.2.0)
Requirement already satisfied: rdflib in //.venv/lib/python3.11/site-packages (from csvw>=1.5.6->segments->phonemizer-fork->misaki[en]>=0.9.4->kokoro==0.9.4->-r ./requirements.txt (line 6)) (7.4.0)
Requirement already satisfied: termcolor in //.venv/lib/python3.11/site-packages (from csvw>=1.5.6->segments->phonemizer-fork->misaki[en]>=0.9.4->kokoro==0.9.4->-r ./requirements.txt (line 6)) (3.2.0)
Requirement already satisfied: jsonschema in //.venv/lib/python3.11/site-packages (from csvw>=1.5.6->segments->phonemizer-fork->misaki[en]>=0.9.4->kokoro==0.9.4->-r ./requirements.txt (line 6)) (4.25.1)
Requirement already satisfied: jsonschema-specifications>=2023.03.6 in //.venv/lib/python3.11/site-packages (from jsonschema->csvw>=1.5.6->segments->phonemizer-fork->misaki[en]>=0.9.4->kokoro==0.9.4->-r ./requirements.txt (line 6)) (2025.9.1)
Requirement already satisfied: referencing>=0.28.4 in //.venv/lib/python3.11/site-packages (from jsonschema->csvw>=1.5.6->segments->phonemizer-fork->misaki[en]>=0.9.4->kokoro==0.9.4->-r ./requirements.txt (line 6)) (0.37.0)
Requirement already satisfied: rpds-py>=0.7.1 in //.venv/lib/python3.11/site-packages (from jsonschema->csvw>=1.5.6->segments->phonemizer-fork->misaki[en]>=0.9.4->kokoro==0.9.4->-r ./requirements.txt (line 6)) (0.28.0)
Requirement already satisfied: six>=1.5 in //.venv/lib/python3.11/site-packages (from python-dateutil->csvw>=1.5.6->segments->phonemizer-fork->misaki[en]>=0.9.4->kokoro==0.9.4->-r ./requirements.txt (line 6)) (1.17.0)
Requirement already satisfied: spacy-legacy<3.1.0,>=3.0.11 in //.venv/lib/python3.11/site-packages (from spacy->misaki[en]>=0.9.4->kokoro==0.9.4->-r ./requirements.txt (line 6)) (3.0.12)
Requirement already satisfied: spacy-loggers<2.0.0,>=1.0.0 in //.venv/lib/python3.11/site-packages (from spacy->misaki[en]>=0.9.4->kokoro==0.9.4->-r ./requirements.txt (line 6)) (1.0.5)
Requirement already satisfied: murmurhash<1.1.0,>=0.28.0 in //.venv/lib/python3.11/site-packages (from spacy->misaki[en]>=0.9.4->kokoro==0.9.4->-r ./requirements.txt (line 6)) (1.0.15)
Requirement already satisfied: cymem<2.1.0,>=2.0.2 in //.venv/lib/python3.11/site-packages (from spacy->misaki[en]>=0.9.4->kokoro==0.9.4->-r ./requirements.txt (line 6)) (2.0.13)
Requirement already satisfied: preshed<3.1.0,>=3.0.2 in //.venv/lib/python3.11/site-packages (from spacy->misaki[en]>=0.9.4->kokoro==0.9.4->-r ./requirements.txt (line 6)) (3.0.11)
Requirement already satisfied: thinc<8.4.0,>=8.3.4 in //.venv/lib/python3.11/site-packages (from spacy->misaki[en]>=0.9.4->kokoro==0.9.4->-r ./requirements.txt (line 6)) (8.3.9)
Requirement already satisfied: wasabi<1.2.0,>=0.9.1 in //.venv/lib/python3.11/site-packages (from spacy->misaki[en]>=0.9.4->kokoro==0.9.4->-r ./requirements.txt (line 6)) (1.1.3)
Requirement already satisfied: srsly<3.0.0,>=2.4.3 in //.venv/lib/python3.11/site-packages (from spacy->misaki[en]>=0.9.4->kokoro==0.9.4->-r ./requirements.txt (line 6)) (2.5.1)
Requirement already satisfied: catalogue<2.1.0,>=2.0.6 in //.venv/lib/python3.11/site-packages (from spacy->misaki[en]>=0.9.4->kokoro==0.9.4->-r ./requirements.txt (line 6)) (2.0.10)
Requirement already satisfied: weasel<0.5.0,>=0.4.2 in //.venv/lib/python3.11/site-packages (from spacy->misaki[en]>=0.9.4->kokoro==0.9.4->-r ./requirements.txt (line 6)) (0.4.3)
Requirement already satisfied: typer-slim<1.0.0,>=0.3.0 in //.venv/lib/python3.11/site-packages (from spacy->misaki[en]>=0.9.4->kokoro==0.9.4->-r ./requirements.txt (line 6)) (0.20.0)
Requirement already satisfied: blis<1.4.0,>=1.3.0 in //.venv/lib/python3.11/site-packages (from thinc<8.4.0,>=8.3.4->spacy->misaki[en]>=0.9.4->kokoro==0.9.4->-r ./requirements.txt (line 6)) (1.3.2)
Requirement already satisfied: confection<1.0.0,>=0.0.1 in //.venv/lib/python3.11/site-packages (from thinc<8.4.0,>=8.3.4->spacy->misaki[en]>=0.9.4->kokoro==0.9.4->-r ./requirements.txt (line 6)) (0.1.5)
Requirement already satisfied: cloudpathlib<1.0.0,>=0.7.0 in //.venv/lib/python3.11/site-packages (from weasel<0.5.0,>=0.4.2->spacy->misaki[en]>=0.9.4->kokoro==0.9.4->-r ./requirements.txt (line 6)) (0.23.0)
Requirement already satisfied: smart-open<8.0.0,>=5.2.1 in //.venv/lib/python3.11/site-packages (from weasel<0.5.0,>=0.4.2->spacy->misaki[en]>=0.9.4->kokoro==0.9.4->-r ./requirements.txt (line 6)) (7.5.0)
Requirement already satisfied: wrapt in //.venv/lib/python3.11/site-packages (from smart-open<8.0.0,>=5.2.1->weasel<0.5.0,>=0.4.2->spacy->misaki[en]>=0.9.4->kokoro==0.9.4->-r ./requirements.txt (line 6)) (2.0.1)
Requirement already satisfied: curated-transformers<0.2.0,>=0.1.0 in //.venv/lib/python3.11/site-packages (from spacy-curated-transformers->misaki[en]>=0.9.4->kokoro==0.9.4->-r ./requirements.txt (line 6)) (0.1.1)
Requirement already satisfied: curated-tokenizers<0.1.0,>=0.0.9 in //.venv/lib/python3.11/site-packages (from spacy-curated-transformers->misaki[en]>=0.9.4->kokoro==0.9.4->-r ./requirements.txt (line 6)) (0.0.9)
Requirement already satisfied: networkx>=2.5.1 in //.venv/lib/python3.11/site-packages (from torch->kokoro==0.9.4->-r ./requirements.txt (line 6)) (3.5)
Requirement already satisfied: nvidia-cuda-nvrtc-cu12==12.8.93 in //.venv/lib/python3.11/site-packages (from torch->kokoro==0.9.4->-r ./requirements.txt (line 6)) (12.8.93)
Requirement already satisfied: nvidia-cuda-runtime-cu12==12.8.90 in //.venv/lib/python3.11/site-packages (from torch->kokoro==0.9.4->-r ./requirements.txt (line 6)) (12.8.90)
Requirement already satisfied: nvidia-cuda-cupti-cu12==12.8.90 in //.venv/lib/python3.11/site-packages (from torch->kokoro==0.9.4->-r ./requirements.txt (line 6)) (12.8.90)
Requirement already satisfied: nvidia-cudnn-cu12==9.10.2.21 in //.venv/lib/python3.11/site-packages (from torch->kokoro==0.9.4->-r ./requirements.txt (line 6)) (9.10.2.21)
Requirement already satisfied: nvidia-cublas-cu12==12.8.4.1 in //.venv/lib/python3.11/site-packages (from torch->kokoro==0.9.4->-r ./requirements.txt (line 6)) (12.8.4.1)
Requirement already satisfied: nvidia-cufft-cu12==11.3.3.83 in //.venv/lib/python3.11/site-packages (from torch->kokoro==0.9.4->-r ./requirements.txt (line 6)) (11.3.3.83)
Requirement already satisfied: nvidia-curand-cu12==10.3.9.90 in //.venv/lib/python3.11/site-packages (from torch->kokoro==0.9.4->-r ./requirements.txt (line 6)) (10.3.9.90)
Requirement already satisfied: nvidia-cusolver-cu12==11.7.3.90 in //.venv/lib/python3.11/site-packages (from torch->kokoro==0.9.4->-r ./requirements.txt (line 6)) (11.7.3.90)
Requirement already satisfied: nvidia-cusparse-cu12==12.5.8.93 in //.venv/lib/python3.11/site-packages (from torch->kokoro==0.9.4->-r ./requirements.txt (line 6)) (12.5.8.93)
Requirement already satisfied: nvidia-cusparselt-cu12==0.7.1 in //.venv/lib/python3.11/site-packages (from torch->kokoro==0.9.4->-r ./requirements.txt (line 6)) (0.7.1)
Requirement already satisfied: nvidia-nccl-cu12==2.27.5 in //.venv/lib/python3.11/site-packages (from torch->kokoro==0.9.4->-r ./requirements.txt (line 6)) (2.27.5)
Requirement already satisfied: nvidia-nvshmem-cu12==3.3.20 in //.venv/lib/python3.11/site-packages (from torch->kokoro==0.9.4->-r ./requirements.txt (line 6)) (3.3.20)
Requirement already satisfied: nvidia-nvtx-cu12==12.8.90 in //.venv/lib/python3.11/site-packages (from torch->kokoro==0.9.4->-r ./requirements.txt (line 6)) (12.8.90)
Requirement already satisfied: nvidia-nvjitlink-cu12==12.8.93 in //.venv/lib/python3.11/site-packages (from torch->kokoro==0.9.4->-r ./requirements.txt (line 6)) (12.8.93)
Requirement already satisfied: nvidia-cufile-cu12==1.13.1.3 in //.venv/lib/python3.11/site-packages (from torch->kokoro==0.9.4->-r ./requirements.txt (line 6)) (1.13.1.3)
Requirement already satisfied: triton==3.5.1 in //.venv/lib/python3.11/site-packages (from torch->kokoro==0.9.4->-r ./requirements.txt (line 6)) (3.5.1)
Requirement already satisfied: mpmath<1.4,>=1.1.0 in //.venv/lib/python3.11/site-packages (from sympy->onnxruntime==1.18.1->-r ./requirements.txt (line 7)) (1.3.0)
Requirement already satisfied: safetensors>=0.4.3 in //.venv/lib/python3.11/site-packages (from transformers->kokoro==0.9.4->-r ./requirements.txt (line 6)) (0.6.2)
 * Serving Flask app 'app.app'
 * Debug mode: off
[START INTERVIEW] Received request - language: java, mode: coding_only
[START INTERVIEW] Selected question: Valid Parentheses
[START INTERVIEW] Generating/fetching test cases for: Valid Parentheses
[TEST GEN] Loading local tests for: 'Valid Parentheses'
[TEST GEN] Loaded local tests for: Valid Parentheses
[START INTERVIEW] Test cases ready - 7 tests
[START INTERVIEW] Created state - phase: coding, mode: coding_only
[START INTERVIEW] Returning: {'message': 'Coding-only interview started', 'phase': 'coding', 'language': 'java', 'mode': 'coding_only', 'codingQuestion': {'title': 'Valid Parentheses', 'signature': 'public static bool isValid(string s) inside class Solution', 'starterCode': 'public class Solution {\n    public static bool isValid(string s) {\n        // TODO\n        return false;\n    }\n}\n'}}
[CHAT DEBUG] No code payload received; using last stored code snapshot.
[CHAT DEBUG] User message: 'hello'
[CHAT DEBUG] Code received - length: 113, changed: True
[CHAT DEBUG] Code preview: public class Solution {
    public static bool isValid(string s) {
        // TODO
        return false;
    }
}
...
[TEST GATE] fallback_keywords=False
[TEST GATE] code_complete=False (empty/todo/pass)
[TEST GATE] fallback=False complete=False model=False code_hash=e57d3a2b91
[CHAT DEBUG] Gemini reply length: 606
[CHAT DEBUG] Gemini reply preview: Hi! Ready for a coding problem?

[PROBLEM_START]
Given a string s containing just the characters '(', ')', '{', '}', '[' and ']', determine if the input string is valid.

An input string is valid if:
...
[CHAT DEBUG] Contains CODE_START: False
[CHAT DEBUG] Contains CODE_END: False
[PROBLEM PRESENTED] Marked via phase decision model
[BACKEND DEBUG] About to call kokoro.synthesize_base64
[BACKEND DEBUG] Reply text: 'Hi! Ready for a coding problem?



Take a minute to think about your approach. Any questions on the ...'
[BACKEND DEBUG] Reply text length: 108
WARNING: Defaulting repo_id to hexgrad/Kokoro-82M. Pass repo_id='hexgrad/Kokoro-82M' to suppress this warning.
[BACKEND DEBUG] Audio generated successfully, length: 409660
[CHAT DEBUG] No code payload received; using last stored code snapshot.
[CHAT DEBUG] User message: 'I'm done'
[CHAT DEBUG] Code received - length: 619, changed: True
[CHAT DEBUG] Code preview: import java.util.*;

public class Solution {
    public static boolean isValid(String s) {
        Deque<Character> stack = new ArrayDeque<>();

     ...
[TEST GATE] fallback_keywords=True
[TEST GATE] code_complete=True (java)
[TEST GATE] fallback=True complete=True model=True code_hash=5b3fed8f3f
[TEST RUN] Using test spec for: Valid Parentheses
[TEST RUN] Result status=error summary=Runner.java:5: error: cannot find symbol
[TEST RUN] Error details:\nRunner.java:5: error: cannot find symbol
string s = "()";
^
  symbol:   class string
  location: class Runner
Runner.java:6: error: cannot find symbol
bool expected = true;
^
  symbol:   class bool
  location: class Runner
Runner.java:7: error: cannot find symbol
bool result = Solution.isValid(s);
^
  symbol:   class bool
  location: class Runner
Runner.java:12: error: cannot find symbol
string s = "()[]{}";
^
  symbol:   class string
  location: class Runner
Runner.java:13: error: cannot find symbol
bool expected = true;
^
  symbol:   class bool
  location: class Runner
Runner.java:14: error: cannot find symbol
bool result = Solution.isValid(s);
^
  symbol:   class bool
  location: class Runner
Runner.java:19: error: cannot find symbol
string s = "(]";
^
  symbol:   class string
  location: class Runner
Runner.java:20: error: cannot find symbol
bool expected = false;
^
  symbol:   class bool
  location: class Runner
Runner.java:21: error: cannot find symbol
bool result = Solution.isValid(s);
^
  symbol:   class bool
  location: class Runner
Runner.java:26: error: cannot find symbol
string s = "([)]";
^
  symbol:   class string
  location: class Runner
Runner.java:27: error: cannot find symbol
bool expected = false;
^
  symbol:   class bool
  location: class Runner
Runner.java:28: error: cannot find symbol
bool result = Solution.isValid(s);
^
  symbol:   class bool
  location: class Runner
Runner.java:33: error: cannot find symbol
string s = "{[]}";
^
  symbol:   class string
  location: class Runner
Runner.java:34: error: cannot find symbol
bool expected = true;
^
  symbol:   class bool
  location: class Runner
Runner.java:35: error: cannot find symbol
bool result = Solution.isValid(s);
^
  symbol:   class bool
  location: class Runner
Runner.java:40: error: cannot find symbol
string s = "";
^
  symbol:   class string
  location: class Runner
Runner.java:41: error: cannot find symbol
bool expected = true;
^
  symbol:   class bool
  location: class Runner
Runner.java:42: error: cannot find symbol
bool result = Solution.isValid(s);
^
  symbol:   class bool
  location: class Runner
Runner.java:47: error: cannot find symbol
string s = ")(";
^
  symbol:   class string
  location: class Runner
Runner.java:48: error: cannot find symbol
bool expected = false;
^
  symbol:   class bool
  location: class Runner
Runner.java:49: error: cannot find symbol
bool result = Solution.isValid(s);
^
  symbol:   class bool
  location: class Runner
21 errors

[CHAT DEBUG] Gemini reply length: 83
[CHAT DEBUG] Gemini reply preview: Looks like you've implemented a solution using a stack. Can you explain your logic?...
[CHAT DEBUG] Contains CODE_START: False
[CHAT DEBUG] Contains CODE_END: False
[BACKEND DEBUG] About to call kokoro.synthesize_base64
[BACKEND DEBUG] Reply text: 'Looks like you've implemented a solution using a stack. Can you explain your logic?...'
[BACKEND DEBUG] Reply text length: 83
[BACKEND DEBUG] Audio generated successfully, length: 299260
